<?xml version="1.0" encoding="UTF-8"?>
<!-- Generated by org.testng.reporters.JUnitXMLReporter -->
<testsuite hostname="DESKTOP-DTSCL5H" ignored="0" name="FullTest" tests="1" failures="1" timestamp="08 Oct 2018 18:43:29 GMT" time="7.873" errors="0">
  <testcase name="logIn" time="2.503" classname="tests.LoginTests">
    <failure type="java.lang.NullPointerException">
      <![CDATA[java.lang.NullPointerException
at tests.BaseTest.goToUrl(BaseTest.java:49)
at tests.LoginTests.logIn(LoginTests.java:13)
... Removed 25 stack frames]]>
    </failure>
  </testcase> <!-- logIn -->
</testsuite> <!-- FullTest -->
