<?xml version="1.0" encoding="UTF-8"?>
<!-- Generated by org.testng.reporters.JUnitXMLReporter -->
<testsuite hostname="DESKTOP-DTSCL5H" ignored="6" name="FullWorkFlow" tests="0" failures="0" timestamp="21 Sep 2018 18:55:05 GMT" time="5.903" errors="0">
  <testcase name="@AfterTest cleanUp" time="0.0" classname="pages.BasePage">
    <ignored/>
  </testcase> <!-- @AfterTest cleanUp -->
  <testcase name="@AfterTest cleanUp" time="0.0" classname="pages.BasePage">
    <ignored/>
  </testcase> <!-- @AfterTest cleanUp -->
  <testcase name="@AfterTest cleanUp" time="0.0" classname="pages.BasePage">
    <ignored/>
  </testcase> <!-- @AfterTest cleanUp -->
  <testcase name="@BeforeTest testSetup" time="0.0" classname="pages.BasePage">
    <ignored/>
  </testcase> <!-- @BeforeTest testSetup -->
  <testcase name="@BeforeTest testSetup" time="0.0" classname="pages.BasePage">
    <ignored/>
  </testcase> <!-- @BeforeTest testSetup -->
  <testcase name="@BeforeTest testSetup" time="0.0" classname="pages.BasePage">
    <ignored/>
  </testcase> <!-- @BeforeTest testSetup -->
</testsuite> <!-- FullWorkFlow -->
