<?xml version="1.0" encoding="UTF-8"?>
<!-- Generated by org.testng.reporters.JUnitXMLReporter -->
<testsuite hostname="DESKTOP-DTSCL5H" ignored="9" name="SearchAndDelete" tests="4" failures="0" timestamp="22 Sep 2018 17:59:21 GMT" time="33.466" errors="0">
  <testcase name="logIn" time="10.643" classname="tests.LoginLogoutTests"/>
  <testcase name="createNewFolder" time="7.968" classname="tests.CreateNewFolderTests"/>
  <testcase name="deleteItem" time="7.762" classname="tests.SearchAndDeleteFileTests"/>
  <testcase name="undoDelete" time="2.774" classname="tests.SearchAndDeleteFileTests"/>
  <testcase name="@BeforeSuite extentReportSetup" time="0.0" classname="pages.BasePage">
    <ignored/>
  </testcase> <!-- @BeforeSuite extentReportSetup -->
  <testcase name="@BeforeSuite extentReportSetup" time="0.0" classname="pages.BasePage">
    <ignored/>
  </testcase> <!-- @BeforeSuite extentReportSetup -->
  <testcase name="@AfterSuite afterSuite" time="0.0" classname="pages.BasePage">
    <ignored/>
  </testcase> <!-- @AfterSuite afterSuite -->
  <testcase name="@AfterSuite afterSuite" time="0.0" classname="pages.BasePage">
    <ignored/>
  </testcase> <!-- @AfterSuite afterSuite -->
  <testcase name="@AfterTest cleanUp" time="0.0" classname="pages.BasePage">
    <ignored/>
  </testcase> <!-- @AfterTest cleanUp -->
  <testcase name="@AfterTest cleanUp" time="0.0" classname="pages.BasePage">
    <ignored/>
  </testcase> <!-- @AfterTest cleanUp -->
  <testcase name="@BeforeTest testSetup" time="0.0" classname="pages.BasePage">
    <ignored/>
  </testcase> <!-- @BeforeTest testSetup -->
  <testcase name="@BeforeTest testSetup" time="0.0" classname="pages.BasePage">
    <ignored/>
  </testcase> <!-- @BeforeTest testSetup -->
  <testcase name="logOut" time="0.0" classname="tests.LoginLogoutTests">
    <ignored/>
  </testcase> <!-- logOut -->
</testsuite> <!-- SearchAndDelete -->
