<?xml version="1.0" encoding="UTF-8"?>
<!-- Generated by org.testng.reporters.JUnitXMLReporter -->
<testsuite hostname="DESKTOP-DTSCL5H" ignored="5" name="UploadFileTest" tests="2" failures="0" timestamp="22 Sep 2018 17:58:27 GMT" time="26.911" errors="0">
  <testcase name="logIn" time="10.279" classname="tests.LoginLogoutTests"/>
  <testcase name="uploadFile" time="12.065" classname="tests.UploadFileTests"/>
  <testcase name="@BeforeSuite extentReportSetup" time="0.0" classname="pages.BasePage">
    <ignored/>
  </testcase> <!-- @BeforeSuite extentReportSetup -->
  <testcase name="@AfterSuite afterSuite" time="0.0" classname="pages.BasePage">
    <ignored/>
  </testcase> <!-- @AfterSuite afterSuite -->
  <testcase name="@AfterTest cleanUp" time="0.0" classname="pages.BasePage">
    <ignored/>
  </testcase> <!-- @AfterTest cleanUp -->
  <testcase name="@BeforeTest testSetup" time="0.0" classname="pages.BasePage">
    <ignored/>
  </testcase> <!-- @BeforeTest testSetup -->
  <testcase name="logOut" time="0.0" classname="tests.LoginLogoutTests">
    <ignored/>
  </testcase> <!-- logOut -->
</testsuite> <!-- UploadFileTest -->
